<?xml version="1.0" encoding="UTF-8"?>
<!-- Generated by org.testng.reporters.JUnitReportReporter -->
<testsuite hostname="DESKTOP-CGB0ISB" failures="0" tests="1" name="testCases.TC001_AccountRegistrationTest" time="4.386" errors="0" timestamp="2025-06-15T14:26:33 IST" skipped="0">
  <testcase classname="testCases.TC001_AccountRegistrationTest" name="verify_account_registration" time="4.386"/>
</testsuite> <!-- testCases.TC001_AccountRegistrationTest -->
