<?xml version="1.0" encoding="UTF-8"?>
<!-- Generated by org.testng.reporters.JUnitReportReporter -->
<testsuite hostname="DESKTOP-CGB0ISB" failures="0" tests="5" name="testCases.TC003_LoginDDT" time="83.305" errors="0" timestamp="2025-06-11T16:40:39 IST" skipped="0">
  <testcase classname="testCases.TC003_LoginDDT" name="verify_loginDDT" time="18.523"/>
  <testcase classname="testCases.TC003_LoginDDT" name="verify_loginDDT" time="15.856"/>
  <testcase classname="testCases.TC003_LoginDDT" name="verify_loginDDT" time="15.255"/>
  <testcase classname="testCases.TC003_LoginDDT" name="verify_loginDDT" time="18.432"/>
  <testcase classname="testCases.TC003_LoginDDT" name="verify_loginDDT" time="15.239"/>
</testsuite> <!-- testCases.TC003_LoginDDT -->
