<?xml version="1.0" encoding="UTF-8"?>
<!-- Generated by org.testng.reporters.JUnitReportReporter -->
<testsuite hostname="DESKTOP-CGB0ISB" failures="0" tests="1" name="testCases.TC002_LoginTest" time="3.154" errors="0" timestamp="2025-06-15T14:26:33 IST" skipped="0">
  <testcase classname="testCases.TC002_LoginTest" name="verify_login" time="3.154"/>
</testsuite> <!-- testCases.TC002_LoginTest -->
