<?xml version="1.0" encoding="UTF-8"?>
<!-- Generated by org.testng.reporters.JUnitReportReporter -->
<testsuite hostname="DESKTOP-CGB0ISB" failures="0" tests="1" name="testCases.TC005_AddToCartPageTest" time="3.889" errors="0" timestamp="2025-06-15T14:26:33 IST" skipped="0">
  <testcase classname="testCases.TC005_AddToCartPageTest" name="verify_addToCart" time="3.889"/>
</testsuite> <!-- testCases.TC005_AddToCartPageTest -->
