<?xml version="1.0" encoding="UTF-8"?>
<!-- Generated by org.testng.reporters.JUnitReportReporter -->
<testsuite hostname="DESKTOP-CGB0ISB" failures="0" tests="1" name="testCases.TC005_AddToCartPageTest" time="4.923" errors="0" timestamp="2025-06-12T15:15:30 IST" skipped="0">
  <testcase classname="testCases.TC005_AddToCartPageTest" name="verify_addToCart" time="4.923"/>
</testsuite> <!-- testCases.TC005_AddToCartPageTest -->
