<?xml version="1.0" encoding="UTF-8"?>
<!-- Generated by org.testng.reporters.JUnitReportReporter -->
<testsuite hostname="DESKTOP-CGB0ISB" failures="0" tests="1" name="testCases.TC004_SearchProductTest" time="1.605" errors="0" timestamp="2025-06-12T15:15:30 IST" skipped="0">
  <testcase classname="testCases.TC004_SearchProductTest" name="test_search_product" time="1.605"/>
</testsuite> <!-- testCases.TC004_SearchProductTest -->
